
> leuzin@0.0.0 start
> ng serve

(node:5360) [DEP0111] DeprecationWarning: Access to process.binding('http_parser') is deprecated.
(Use `node --trace-deprecation ...` to show where the warning was created)
(node:5360) [DEP0111] DeprecationWarning: Access to process.binding('http_parser') is deprecated.
** Angular Live Development Server is listening on localhost:4200, open your browser on http://localhost:4200/ **
(node:5360) [DEP0060] DeprecationWarning: The `util._extend` API is deprecated. Please use Object.assign() instead.
DEPRECATION WARNING [legacy-js-api]: The legacy JS API is deprecated and will be removed in Dart Sass 2.0.0.

More info: https://sass-lang.com/d/legacy-js-api

postcss-import: postcss.plugin was deprecated. Migration guide:
https://evilmartians.com/chronicles/postcss-8-plugin-migration
postcss-cli-resources: postcss.plugin was deprecated. Migration guide:
https://evilmartians.com/chronicles/postcss-8-plugin-migration
autoprefixer: postcss.plugin was deprecated. Migration guide:
https://evilmartians.com/chronicles/postcss-8-plugin-migration

Date: 2026-01-28T02:53:25.375Z
Hash: 35ca58858f2d35947ba1
Time: 6626ms
chunk {es2015-polyfills} es2015-polyfills.js, es2015-polyfills.js.map (es2015-polyfills) 285 kB [initial] [rendered]
chunk {main} main.js, main.js.map (main) 11.7 kB [initial] [rendered]
chunk {polyfills} polyfills.js, polyfills.js.map (polyfills) 236 kB [initial] [rendered]
chunk {runtime} runtime.js, runtime.js.map (runtime) 6.08 kB [entry] [rendered]
chunk {styles} styles.js, styles.js.map (styles) 16.6 kB [initial] [rendered]
chunk {vendor} vendor.js, vendor.js.map (vendor) 3.87 MB [initial] [rendered]
[34mℹ[39m [90m｢wdm｣[39m: Compiled successfully.
Terminated
